<?xml version="1.0" encoding="UTF-8"?>
<!-- Generated by org.testng.reporters.JUnitReportReporter -->
<testsuite hostname="Win7x64" name="example.ExecuteSelectQuery" tests="1" failures="0" timestamp="2 Aug 2020 05:54:00 GMT" time="34.828" errors="0">
  <testcase name="createConatct" time="34.828" classname="example.ExecuteSelectQuery"/>
</testsuite> <!-- example.ExecuteSelectQuery -->
