<?xml version="1.0" encoding="UTF-8"?>
<!-- Generated by org.testng.reporters.JUnitReportReporter -->
<testsuite hostname="Win7x64" name="example.ExecuteSelectQueryVerifyData" tests="1" failures="0" timestamp="2 Aug 2020 05:55:52 GMT" time="0.832" errors="0">
  <testcase name="createConatct" time="0.832" classname="example.ExecuteSelectQueryVerifyData"/>
</testsuite> <!-- example.ExecuteSelectQueryVerifyData -->
