<?xml version="1.0" encoding="UTF-8"?>
<!-- Generated by org.testng.reporters.JUnitReportReporter -->
<testsuite hostname="Win7x64" name="com.autodeskcrm.genericUtils.WebDriverUtils" tests="1" failures="0" timestamp="2 Aug 2020 13:16:12 GMT" time="14.753" errors="0">
  <testcase name="openapp" time="14.753" classname="com.autodeskcrm.genericUtils.WebDriverUtils"/>
</testsuite> <!-- com.autodeskcrm.genericUtils.WebDriverUtils -->
