<?xml version="1.0" encoding="UTF-8"?>
<!-- Generated by org.testng.reporters.JUnitReportReporter -->
<testsuite hostname="Win7x64" name="example.ExecuteNonSelectQuery" tests="1" failures="0" timestamp="2 Aug 2020 05:40:03 GMT" time="0.972" errors="0">
  <testcase name="createConatct" time="0.972" classname="example.ExecuteNonSelectQuery"/>
</testsuite> <!-- example.ExecuteNonSelectQuery -->
