<?xml version="1.0" encoding="UTF-8"?>
<!-- Generated by org.testng.reporters.JUnitReportReporter -->
<testsuite hostname="Win7x64" name="com.autodeskcrm.genericUtils.ReadDataFromProperty" tests="1" failures="0" timestamp="2 Aug 2020 12:41:56 GMT" time="0.013" errors="0">
  <testcase name="fetchdata" time="0.013" classname="com.autodeskcrm.genericUtils.ReadDataFromProperty"/>
</testsuite> <!-- com.autodeskcrm.genericUtils.ReadDataFromProperty -->
